#
# There is insufficient memory for the Java Runtime Environment to continue.
# Native memory allocation (malloc) failed to allocate 974256 bytes for Chunk::new
# Possible reasons:
#   The system is out of physical RAM or swap space
#   In 32 bit mode, the process size limit was hit
# Possible solutions:
#   Reduce memory load on the system
#   Increase physical memory or swap space
#   Check if swap backing store is full
#   Use 64 bit Java on a 64 bit OS
#   Decrease Java heap size (-Xmx/-Xms)
#   Decrease number of Java threads
#   Decrease Java thread stack sizes (-Xss)
#   Set larger code cache with -XX:ReservedCodeCacheSize=
# This output file may be truncated or incomplete.
#
#  Out of Memory Error (allocation.cpp:390), pid=22140, tid=0x00000000000054a8
#
# JRE version: Java(TM) SE Runtime Environment (8.0_152-b16) (build 1.8.0_152-b16)
# Java VM: Java HotSpot(TM) 64-Bit Server VM (25.152-b16 mixed mode windows-amd64 compressed oops)
# Failed to write core dump. Minidumps are not enabled by default on client versions of Windows
#

---------------  T H R E A D  ---------------

Current thread (0x0000000019b7a000):  JavaThread "C2 CompilerThread1" daemon [_thread_in_native, id=21672, stack(0x000000001a270000,0x000000001a370000)]

Stack: [0x000000001a270000,0x000000001a370000]
[error occurred during error reporting (printing stack bounds), id 0xc0000005]

Native frames: (J=compiled Java code, j=interpreted, Vv=VM code, C=native code)


Current CompileTask:
C2:15154653 23986       4       org.gradle.api.internal.tasks.compile.incremental.deps.ClassDependentsAccumulator::addClass (266 bytes)


---------------  P R O C E S S  ---------------

Java Threads: ( => current thread )
  0x000000001fd5b000 JavaThread "Cache worker for Java compile cache (D:\AndroidStudioworkspace\AccessCtrlSysBinjn\.gradle\4.1\javaCompile)" [_thread_blocked, id=23072, stack(0x0000000033ce0000,0x0000000033de0000)]
  0x000000002102b000 JavaThread "Task worker for ':' Thread 3" [_thread_blocked, id=23840, stack(0x0000000032ee0000,0x0000000032fe0000)]
  0x000000002102a800 JavaThread "Task worker for ':' Thread 2" [_thread_blocked, id=16584, stack(0x0000000032de0000,0x0000000032ee0000)]
  0x0000000021022000 JavaThread "Task worker for ':'" [_thread_in_Java, id=24548, stack(0x0000000032ce0000,0x0000000032de0000)]
  0x0000000021025000 JavaThread "Cache worker for task history cache (D:\AndroidStudioworkspace\AccessCtrlSysBinjn\.gradle\4.1\taskHistory)" [_thread_blocked, id=10200, stack(0x0000000032be0000,0x0000000032ce0000)]
  0x0000000021021000 JavaThread "Cache worker for file content cache (D:\AndroidStudioworkspace\AccessCtrlSysBinjn\.gradle\4.1\fileContent)" [_thread_blocked, id=24552, stack(0x0000000032ae0000,0x0000000032be0000)]
  0x0000000021024000 JavaThread "build operations Thread 4" [_thread_blocked, id=21368, stack(0x00000000329e0000,0x0000000032ae0000)]
  0x0000000021027800 JavaThread "build operations Thread 3" [_thread_blocked, id=22884, stack(0x00000000328e0000,0x00000000329e0000)]
  0x0000000021028000 JavaThread "build operations Thread 2" [_thread_blocked, id=18096, stack(0x00000000327e0000,0x00000000328e0000)]
  0x0000000021020800 JavaThread "build operations" [_thread_blocked, id=23828, stack(0x00000000326e0000,0x00000000327e0000)]
  0x0000000021023800 JavaThread "Cache worker for Artifact transforms cache (C:\Users\Administrator\.gradle\caches\transforms-1)" [_thread_blocked, id=16652, stack(0x00000000325e0000,0x00000000326e0000)]
  0x000000001b8a4800 JavaThread "Cache worker for file hash cache (D:\AndroidStudioworkspace\AccessCtrlSysBinjn\.gradle\4.1\fileHashes)" [_thread_blocked, id=12468, stack(0x00000000324e0000,0x00000000325e0000)]
  0x000000001b8a3800 JavaThread "Stdin handler" [_thread_blocked, id=23288, stack(0x00000000323e0000,0x00000000324e0000)]
  0x000000001b8a3000 JavaThread "Asynchronous log dispatcher for DefaultDaemonConnection: socket connection from /127.0.0.1:53024 to /127.0.0.1:55554" [_thread_blocked, id=19824, stack(0x00000000322e0000,0x00000000323e0000)]
  0x000000001b8a2000 JavaThread "Daemon worker Thread 8" [_thread_blocked, id=23684, stack(0x00000000321e0000,0x00000000322e0000)]
  0x000000001b8a1800 JavaThread "Cancel handler" [_thread_blocked, id=23020, stack(0x00000000320e0000,0x00000000321e0000)]
  0x000000001b8a5000 JavaThread "Handler for socket connection from /127.0.0.1:53024 to /127.0.0.1:55554" [_thread_in_native, id=22776, stack(0x0000000031fe0000,0x00000000320e0000)]
  0x000000001b8a8000 JavaThread "Daemon Thread 8" [_thread_blocked, id=24544, stack(0x0000000031ee0000,0x0000000031fe0000)]
  0x000000001b8a6000 JavaThread "Memory manager" [_thread_blocked, id=5652, stack(0x0000000023030000,0x0000000023130000)]
  0x000000001b8a7800 JavaThread "File lock request listener" [_thread_in_native, id=11272, stack(0x0000000020860000,0x0000000020960000)]
  0x000000001b8a6800 JavaThread "Cache worker for file hash cache (C:\Users\Administrator\.gradle\caches\4.1\fileHashes)" [_thread_blocked, id=17192, stack(0x000000001d050000,0x000000001d150000)]
  0x000000001b528000 JavaThread "Daemon periodic checks" [_thread_blocked, id=16984, stack(0x000000001c550000,0x000000001c650000)]
  0x000000001b358800 JavaThread "Incoming local TCP Connector on port 53024" [_thread_in_native, id=10276, stack(0x000000001c140000,0x000000001c240000)]
  0x000000001b75e800 JavaThread "Daemon health stats" [_thread_blocked, id=8196, stack(0x000000001be40000,0x000000001bf40000)]
  0x0000000019bf6000 JavaThread "Service Thread" daemon [_thread_blocked, id=18100, stack(0x000000001a470000,0x000000001a570000)]
  0x0000000019b9e800 JavaThread "C1 CompilerThread2" daemon [_thread_blocked, id=14176, stack(0x000000001a370000,0x000000001a470000)]
=>0x0000000019b7a000 JavaThread "C2 CompilerThread1" daemon [_thread_in_native, id=21672, stack(0x000000001a270000,0x000000001a370000)]
  0x000000001875c800 JavaThread "C2 CompilerThread0" daemon [_thread_in_native, id=10836, stack(0x000000001a170000,0x000000001a270000)]
  0x000000001875a800 JavaThread "Attach Listener" daemon [_thread_blocked, id=4988, stack(0x000000001a070000,0x000000001a170000)]
  0x0000000019b78800 JavaThread "Signal Dispatcher" daemon [_thread_blocked, id=12108, stack(0x0000000019f70000,0x000000001a070000)]
  0x00000000186ea800 JavaThread "Finalizer" daemon [_thread_blocked, id=6644, stack(0x0000000019970000,0x0000000019a70000)]
  0x0000000004d80000 JavaThread "Reference Handler" daemon [_thread_blocked, id=18380, stack(0x0000000019870000,0x0000000019970000)]
  0x0000000004c92800 JavaThread "main" [_thread_blocked, id=21572, stack(0x0000000004760000,0x0000000004860000)]

Other Threads:
  0x00000000186c7800 VMThread [stack: 0x0000000019770000,0x0000000019870000] [id=8204]
  0x0000000019c21000 WatcherThread [stack: 0x000000001a570000,0x000000001a670000] [id=19628]

VM state:not at safepoint (normal execution)

VM Mutex/Monitor currently owned by a thread: None

Heap:
 PSYoungGen      total 369152K, used 131721K [0x00000000e0000000, 0x00000000fbb80000, 0x0000000100000000)
  eden space 302592K, 40% used [0x00000000e0000000,0x00000000e787d308,0x00000000f2780000)
  from space 66560K, 12% used [0x00000000f7a80000,0x00000000f82a5100,0x00000000fbb80000)
  to   space 75776K, 0% used [0x00000000f2780000,0x00000000f2780000,0x00000000f7180000)
 ParOldGen       total 185344K, used 126722K [0x00000000a0000000, 0x00000000ab500000, 0x00000000e0000000)
  object space 185344K, 68% used [0x00000000a0000000,0x00000000a7bc08c0,0x00000000ab500000)
 Metaspace       used 84360K, capacity 90289K, committed 90520K, reserved 1128448K
  class space    used 10801K, capacity 12111K, committed 12208K, reserved 1048576K

Card table byte_map: [0x0000000014150000,0x0000000014460000] byte_map_base: 0x0000000013c50000

Marking Bits: (ParMarkBitMap*) 0x0000000071d70860
 Begin Bits: [0x0000000014a60000, 0x0000000016260000)
 End Bits:   [0x0000000016260000, 0x0000000017a60000)

Polling page: 0x0000000002a10000

CodeCache: size=245760Kb used=65047Kb max_used=65196Kb free=180712Kb
 bounds [0x0000000004d90000, 0x0000000008de0000, 0x0000000013d90000]
 total_blobs=18648 nmethods=17799 adapters=759
 compilation: enabled

Compilation events (10 events):
Event: 15149.425 Thread 0x0000000019b7a000 nmethod 23983 0x0000000006ff14d0 code [0x0000000006ff1620, 0x0000000006ff19e8]
Event: 15149.566 Thread 0x0000000019b9e800 23984       3       java.lang.Long::getChars (221 bytes)
Event: 15149.567 Thread 0x0000000019b9e800 nmethod 23984 0x00000000078c0f50 code [0x00000000078c1120, 0x00000000078c1790]
Event: 15149.581 Thread 0x0000000019b9e800 23985       3       org.objectweb.asm.Type::hashCode (54 bytes)
Event: 15149.582 Thread 0x0000000019b9e800 nmethod 23985 0x00000000078c0a10 code [0x00000000078c0b80, 0x00000000078c0df0]
Event: 15149.685 Thread 0x0000000019b7a000 23986       4       org.gradle.api.internal.tasks.compile.incremental.deps.ClassDependentsAccumulator::addClass (266 bytes)
Event: 15149.697 Thread 0x0000000019b9e800 23987       3       java.lang.Long::toString (52 bytes)
Event: 15149.698 Thread 0x0000000019b9e800 nmethod 23987 0x0000000006ff0d50 code [0x0000000006ff0f00, 0x0000000006ff1348]
Event: 15149.854 Thread 0x0000000019b9e800 23990       3       org.objectweb.asm.commons.InstructionAdapter::astore (14 bytes)
Event: 15149.855 Thread 0x0000000019b9e800 nmethod 23990 0x0000000006ff0850 code [0x0000000006ff09c0, 0x0000000006ff0c38]

GC Heap History (10 events):
Event: 8160.134 GC heap before
{Heap before GC invocations=39 (full 3):
 PSYoungGen      total 366592K, used 333491K [0x00000000e0000000, 0x00000000fc980000, 0x0000000100000000)
  eden space 283648K, 99% used [0x00000000e0000000,0x00000000f14ee478,0x00000000f1500000)
  from space 82944K, 60% used [0x00000000f1500000,0x00000000f45be8d0,0x00000000f6600000)
  to   space 81920K, 0% used [0x00000000f7980000,0x00000000f7980000,0x00000000fc980000)
 ParOldGen       total 185344K, used 110525K [0x00000000a0000000, 0x00000000ab500000, 0x00000000e0000000)
  object space 185344K, 59% used [0x00000000a0000000,0x00000000a6bef7c8,0x00000000ab500000)
 Metaspace       used 79436K, capacity 84031K, committed 84248K, reserved 1122304K
  class space    used 10249K, capacity 11280K, committed 11312K, reserved 1048576K
Event: 8160.163 GC heap after
Heap after GC invocations=39 (full 3):
 PSYoungGen      total 384512K, used 30852K [0x00000000e0000000, 0x00000000fc680000, 0x0000000100000000)
  eden space 305664K, 0% used [0x00000000e0000000,0x00000000e0000000,0x00000000f2a80000)
  from space 78848K, 39% used [0x00000000f7980000,0x00000000f97a1170,0x00000000fc680000)
  to   space 79872K, 0% used [0x00000000f2a80000,0x00000000f2a80000,0x00000000f7880000)
 ParOldGen       total 185344K, used 117053K [0x00000000a0000000, 0x00000000ab500000, 0x00000000e0000000)
  object space 185344K, 63% used [0x00000000a0000000,0x00000000a724f6d8,0x00000000ab500000)
 Metaspace       used 79436K, capacity 84031K, committed 84248K, reserved 1122304K
  class space    used 10249K, capacity 11280K, committed 11312K, reserved 1048576K
}
Event: 9221.389 GC heap before
{Heap before GC invocations=40 (full 3):
 PSYoungGen      total 384512K, used 336516K [0x00000000e0000000, 0x00000000fc680000, 0x0000000100000000)
  eden space 305664K, 100% used [0x00000000e0000000,0x00000000f2a80000,0x00000000f2a80000)
  from space 78848K, 39% used [0x00000000f7980000,0x00000000f97a1170,0x00000000fc680000)
  to   space 79872K, 0% used [0x00000000f2a80000,0x00000000f2a80000,0x00000000f7880000)
 ParOldGen       total 185344K, used 117053K [0x00000000a0000000, 0x00000000ab500000, 0x00000000e0000000)
  object space 185344K, 63% used [0x00000000a0000000,0x00000000a724f6d8,0x00000000ab500000)
 Metaspace       used 79835K, capacity 84621K, committed 84888K, reserved 1122304K
  class space    used 10298K, capacity 11387K, committed 11440K, reserved 1048576K
Event: 9221.471 GC heap after
Heap after GC invocations=40 (full 3):
 PSYoungGen      total 385536K, used 39451K [0x00000000e0000000, 0x00000000fd280000, 0x0000000100000000)
  eden space 305664K, 0% used [0x00000000e0000000,0x00000000e0000000,0x00000000f2a80000)
  from space 79872K, 49% used [0x00000000f2a80000,0x00000000f5106fc0,0x00000000f7880000)
  to   space 76288K, 0% used [0x00000000f8800000,0x00000000f8800000,0x00000000fd280000)
 ParOldGen       total 185344K, used 119698K [0x00000000a0000000, 0x00000000ab500000, 0x00000000e0000000)
  object space 185344K, 64% used [0x00000000a0000000,0x00000000a74e4b98,0x00000000ab500000)
 Metaspace       used 79835K, capacity 84621K, committed 84888K, reserved 1122304K
  class space    used 10298K, capacity 11387K, committed 11440K, reserved 1048576K
}
Event: 9224.426 GC heap before
{Heap before GC invocations=41 (full 3):
 PSYoungGen      total 385536K, used 345115K [0x00000000e0000000, 0x00000000fd280000, 0x0000000100000000)
  eden space 305664K, 100% used [0x00000000e0000000,0x00000000f2a80000,0x00000000f2a80000)
  from space 79872K, 49% used [0x00000000f2a80000,0x00000000f5106fc0,0x00000000f7880000)
  to   space 76288K, 0% used [0x00000000f8800000,0x00000000f8800000,0x00000000fd280000)
 ParOldGen       total 185344K, used 119698K [0x00000000a0000000, 0x00000000ab500000, 0x00000000e0000000)
  object space 185344K, 64% used [0x00000000a0000000,0x00000000a74e4b98,0x00000000ab500000)
 Metaspace       used 79877K, capacity 84621K, committed 84888K, reserved 1122304K
  class space    used 10300K, capacity 11387K, committed 11440K, reserved 1048576K
Event: 9224.454 GC heap after
Heap after GC invocations=41 (full 3):
 PSYoungGen      total 393216K, used 39191K [0x00000000e0000000, 0x00000000fcb00000, 0x0000000100000000)
  eden space 324608K, 0% used [0x00000000e0000000,0x00000000e0000000,0x00000000f3d00000)
  from space 68608K, 57% used [0x00000000f8800000,0x00000000fae45e30,0x00000000fcb00000)
  to   space 72704K, 0% used [0x00000000f3d00000,0x00000000f3d00000,0x00000000f8400000)
 ParOldGen       total 185344K, used 126154K [0x00000000a0000000, 0x00000000ab500000, 0x00000000e0000000)
  object space 185344K, 68% used [0x00000000a0000000,0x00000000a7b328b0,0x00000000ab500000)
 Metaspace       used 79877K, capacity 84621K, committed 84888K, reserved 1122304K
  class space    used 10300K, capacity 11387K, committed 11440K, reserved 1048576K
}
Event: 10126.979 GC heap before
{Heap before GC invocations=42 (full 3):
 PSYoungGen      total 393216K, used 363799K [0x00000000e0000000, 0x00000000fcb00000, 0x0000000100000000)
  eden space 324608K, 100% used [0x00000000e0000000,0x00000000f3d00000,0x00000000f3d00000)
  from space 68608K, 57% used [0x00000000f8800000,0x00000000fae45e30,0x00000000fcb00000)
  to   space 72704K, 0% used [0x00000000f3d00000,0x00000000f3d00000,0x00000000f8400000)
 ParOldGen       total 185344K, used 126154K [0x00000000a0000000, 0x00000000ab500000, 0x00000000e0000000)
  object space 185344K, 68% used [0x00000000a0000000,0x00000000a7b328b0,0x00000000ab500000)
 Metaspace       used 83016K, capacity 88227K, committed 88472K, reserved 1126400K
  class space    used 10643K, capacity 11840K, committed 11952K, reserved 1048576K
Event: 10127.013 GC heap after
Heap after GC invocations=42 (full 3):
 PSYoungGen      total 328192K, used 14358K [0x00000000e0000000, 0x00000000fc300000, 0x0000000100000000)
  eden space 313344K, 0% used [0x00000000e0000000,0x00000000e0000000,0x00000000f3200000)
  from space 14848K, 96% used [0x00000000f3d00000,0x00000000f4b05818,0x00000000f4b80000)
  to   space 74240K, 0% used [0x00000000f7a80000,0x00000000f7a80000,0x00000000fc300000)
 ParOldGen       total 185344K, used 126690K [0x00000000a0000000, 0x00000000ab500000, 0x00000000e0000000)
  object space 185344K, 68% used [0x00000000a0000000,0x00000000a7bb88c0,0x00000000ab500000)
 Metaspace       used 83016K, capacity 88227K, committed 88472K, reserved 1126400K
  class space    used 10643K, capacity 11840K, committed 11952K, reserved 1048576K
}
Event: 15140.631 GC heap before
{Heap before GC invocations=43 (full 3):
 PSYoungGen      total 328192K, used 327702K [0x00000000e0000000, 0x00000000fc300000, 0x0000000100000000)
  eden space 313344K, 100% used [0x00000000e0000000,0x00000000f3200000,0x00000000f3200000)
  from space 14848K, 96% used [0x00000000f3d00000,0x00000000f4b05818,0x00000000f4b80000)
  to   space 74240K, 0% used [0x00000000f7a80000,0x00000000f7a80000,0x00000000fc300000)
 ParOldGen       total 185344K, used 126690K [0x00000000a0000000, 0x00000000ab500000, 0x00000000e0000000)
  object space 185344K, 68% used [0x00000000a0000000,0x00000000a7bb88c0,0x00000000ab500000)
 Metaspace       used 83902K, capacity 89661K, committed 89880K, reserved 1126400K
  class space    used 10756K, capacity 12043K, committed 12080K, reserved 1048576K
Event: 15140.848 GC heap after
Heap after GC invocations=43 (full 3):
 PSYoungGen      total 369152K, used 8340K [0x00000000e0000000, 0x00000000fbb80000, 0x0000000100000000)
  eden space 302592K, 0% used [0x00000000e0000000,0x00000000e0000000,0x00000000f2780000)
  from space 66560K, 12% used [0x00000000f7a80000,0x00000000f82a5100,0x00000000fbb80000)
  to   space 75776K, 0% used [0x00000000f2780000,0x00000000f2780000,0x00000000f7180000)
 ParOldGen       total 185344K, used 126722K [0x00000000a0000000, 0x00000000ab500000, 0x00000000e0000000)
  object space 185344K, 68% used [0x00000000a0000000,0x00000000a7bc08c0,0x00000000ab500000)
 Metaspace       used 83902K, capacity 89661K, committed 89880K, reserved 1126400K
  class space    used 10756K, capacity 12043K, committed 12080K, reserved 1048576K
}

Deoptimization events (10 events):
Event: 15147.610 Thread 0x0000000021022000 Uncommon trap: reason=class_check action=maybe_recompile pc=0x0000000006a9c890 method=org.gradle.api.internal.hash.DefaultFileHasher.doHash(Ljava/io/InputStream;)Lcom/google/common/hash/HashCode; @ 11
Event: 15147.610 Thread 0x0000000021022000 Uncommon trap: reason=bimorphic action=maybe_recompile pc=0x0000000007bdbce8 method=java.util.zip.InflaterInputStream.fill()V @ 19
Event: 15147.610 Thread 0x0000000021022000 Uncommon trap: reason=bimorphic action=maybe_recompile pc=0x0000000007bdbce8 method=java.util.zip.InflaterInputStream.fill()V @ 19
Event: 15147.610 Thread 0x0000000021022000 Uncommon trap: reason=bimorphic action=maybe_recompile pc=0x0000000007bdbce8 method=java.util.zip.InflaterInputStream.fill()V @ 19
Event: 15147.615 Thread 0x0000000021022000 Uncommon trap: reason=bimorphic action=maybe_recompile pc=0x0000000007bdbce8 method=java.util.zip.InflaterInputStream.fill()V @ 19
Event: 15147.615 Thread 0x0000000021022000 Uncommon trap: reason=unstable_if action=reinterpret pc=0x0000000008701160 method=java.lang.Long.toString(J)Ljava/lang/String; @ 14
Event: 15147.615 Thread 0x0000000021022000 Uncommon trap: reason=unstable_if action=reinterpret pc=0x0000000006a50208 method=java.lang.Long.getChars(JI[C)V @ 9
Event: 15147.618 Thread 0x0000000021022000 Uncommon trap: reason=class_check action=maybe_recompile pc=0x0000000006a9c890 method=org.gradle.api.internal.hash.DefaultFileHasher.doHash(Ljava/io/InputStream;)Lcom/google/common/hash/HashCode; @ 11
Event: 15147.621 Thread 0x0000000021022000 Uncommon trap: reason=class_check action=maybe_recompile pc=0x0000000006a9c890 method=org.gradle.api.internal.hash.DefaultFileHasher.doHash(Ljava/io/InputStream;)Lcom/google/common/hash/HashCode; @ 11
Event: 15147.627 Thread 0x0000000021022000 Uncommon trap: reason=class_check action=maybe_recompile pc=0x0000000006a9c890 method=org.gradle.api.internal.hash.DefaultFileHasher.doHash(Ljava/io/InputStream;)Lcom/google/common/hash/HashCode; @ 11

Classes redefined (0 events):
No events

Internal exceptions (10 events):
Event: 15140.262 Thread 0x000000001b8a2000 Exception <a 'sun/nio/fs/WindowsException'> (0x00000000f123c5a0) thrown at [C:\re\workspace\8-2-build-windows-amd64-cygwin\jdk8u152\9742\hotspot\src\share\vm\prims\jni.cpp, line 709]
Event: 15140.263 Thread 0x000000001b8a2000 Exception <a 'sun/nio/fs/WindowsException'> (0x00000000f123f610) thrown at [C:\re\workspace\8-2-build-windows-amd64-cygwin\jdk8u152\9742\hotspot\src\share\vm\prims\jni.cpp, line 709]
Event: 15140.263 Thread 0x000000001b8a2000 Exception <a 'sun/nio/fs/WindowsException'> (0x00000000f1240090) thrown at [C:\re\workspace\8-2-build-windows-amd64-cygwin\jdk8u152\9742\hotspot\src\share\vm\prims\jni.cpp, line 709]
Event: 15140.263 Thread 0x000000001b8a2000 Exception <a 'sun/nio/fs/WindowsException'> (0x00000000f1241b40) thrown at [C:\re\workspace\8-2-build-windows-amd64-cygwin\jdk8u152\9742\hotspot\src\share\vm\prims\jni.cpp, line 709]
Event: 15140.264 Thread 0x000000001b8a2000 Exception <a 'sun/nio/fs/WindowsException'> (0x00000000f1242600) thrown at [C:\re\workspace\8-2-build-windows-amd64-cygwin\jdk8u152\9742\hotspot\src\share\vm\prims\jni.cpp, line 709]
Event: 15140.264 Thread 0x000000001b8a2000 Exception <a 'sun/nio/fs/WindowsException'> (0x00000000f1244b40) thrown at [C:\re\workspace\8-2-build-windows-amd64-cygwin\jdk8u152\9742\hotspot\src\share\vm\prims\jni.cpp, line 709]
Event: 15140.265 Thread 0x000000001b8a2000 Exception <a 'sun/nio/fs/WindowsException'> (0x00000000f1245678) thrown at [C:\re\workspace\8-2-build-windows-amd64-cygwin\jdk8u152\9742\hotspot\src\share\vm\prims\jni.cpp, line 709]
Event: 15140.265 Thread 0x000000001b8a2000 Exception <a 'sun/nio/fs/WindowsException'> (0x00000000f12471f0) thrown at [C:\re\workspace\8-2-build-windows-amd64-cygwin\jdk8u152\9742\hotspot\src\share\vm\prims\jni.cpp, line 709]
Event: 15140.265 Thread 0x000000001b8a2000 Exception <a 'sun/nio/fs/WindowsException'> (0x00000000f1247d60) thrown at [C:\re\workspace\8-2-build-windows-amd64-cygwin\jdk8u152\9742\hotspot\src\share\vm\prims\jni.cpp, line 709]
Event: 15141.460 Thread 0x000000001b8a2000 Implicit null exception at 0x0000000005e89f06 to 0x0000000005e8a1ed

Events (10 events):
Event: 15147.615 Thread 0x0000000021022000 DEOPT UNPACKING pc=0x0000000004dd582a sp=0x0000000032ddc600 mode 2
Event: 15147.618 Thread 0x0000000021022000 Uncommon trap: trap_request=0xffffffde fr.pc=0x0000000006a9c890
Event: 15147.618 Thread 0x0000000021022000 DEOPT PACKING pc=0x0000000006a9c890 sp=0x0000000032ddce90
Event: 15147.618 Thread 0x0000000021022000 DEOPT UNPACKING pc=0x0000000004dd582a sp=0x0000000032ddceb8 mode 2
Event: 15147.621 Thread 0x0000000021022000 Uncommon trap: trap_request=0xffffffde fr.pc=0x0000000006a9c890
Event: 15147.621 Thread 0x0000000021022000 DEOPT PACKING pc=0x0000000006a9c890 sp=0x0000000032ddce90
Event: 15147.622 Thread 0x0000000021022000 DEOPT UNPACKING pc=0x0000000004dd582a sp=0x0000000032ddceb8 mode 2
Event: 15147.627 Thread 0x0000000021022000 Uncommon trap: trap_request=0xffffffde fr.pc=0x0000000006a9c890
Event: 15147.627 Thread 0x0000000021022000 DEOPT PACKING pc=0x0000000006a9c890 sp=0x0000000032ddce90
Event: 15147.627 Thread 0x0000000021022000 DEOPT UNPACKING pc=0x0000000004dd582a sp=0x0000000032ddceb8 mode 2


Dynamic libraries:
0x00007ff61f7b0000 - 0x00007ff61f7e7000 	C:\Program Files\Java\jdk1.8.0_152\bin\java.exe
0x00007ff98bc10000 - 0x00007ff98bdf0000 	C:\WINDOWS\SYSTEM32\ntdll.dll
0x00007ff98ace0000 - 0x00007ff98ad8e000 	C:\WINDOWS\System32\KERNEL32.DLL
0x00007ff988cc0000 - 0x00007ff988f26000 	C:\WINDOWS\System32\KERNELBASE.dll
0x00007ff98a6d0000 - 0x00007ff98a771000 	C:\WINDOWS\System32\ADVAPI32.dll
0x00007ff98b1f0000 - 0x00007ff98b28d000 	C:\WINDOWS\System32\msvcrt.dll
0x00007ff98bae0000 - 0x00007ff98bb3b000 	C:\WINDOWS\System32\sechost.dll
0x00007ff988f30000 - 0x00007ff98904f000 	C:\WINDOWS\System32\RPCRT4.dll
0x00007ff98a780000 - 0x00007ff98a90f000 	C:\WINDOWS\System32\USER32.dll
0x00007ff987fd0000 - 0x00007ff987ff0000 	C:\WINDOWS\System32\win32u.dll
0x00007ff98b6e0000 - 0x00007ff98b708000 	C:\WINDOWS\System32\GDI32.dll
0x00007ff9887e0000 - 0x00007ff988973000 	C:\WINDOWS\System32\gdi32full.dll
0x00007ff987ff0000 - 0x00007ff98808b000 	C:\WINDOWS\System32\msvcp_win.dll
0x00007ff987d20000 - 0x00007ff987e16000 	C:\WINDOWS\System32\ucrtbase.dll
0x00007ff974320000 - 0x00007ff974589000 	C:\WINDOWS\WinSxS\amd64_microsoft.windows.common-controls_6595b64144ccf1df_6.0.16299.309_none_15cfd4c4935e6b11\COMCTL32.dll
0x00007ff98b7d0000 - 0x00007ff98bad8000 	C:\WINDOWS\System32\combase.dll
0x00007ff987ea0000 - 0x00007ff987f12000 	C:\WINDOWS\System32\bcryptPrimitives.dll
0x00007ff98a910000 - 0x00007ff98a93d000 	C:\WINDOWS\System32\IMM32.DLL
0x0000000071df0000 - 0x0000000071ec2000 	C:\Program Files\Java\jdk1.8.0_152\jre\bin\msvcr100.dll
0x0000000071550000 - 0x0000000071df0000 	C:\Program Files\Java\jdk1.8.0_152\jre\bin\server\jvm.dll
0x00007ff987e70000 - 0x00007ff987e93000 	C:\WINDOWS\System32\WINMM.dll
0x00007ff987cd0000 - 0x00007ff987cfa000 	C:\WINDOWS\System32\WINMMBASE.dll
0x00007ff987e20000 - 0x00007ff987e6a000 	C:\WINDOWS\System32\cfgmgr32.dll
0x00007ff98afc0000 - 0x00007ff98afc8000 	C:\WINDOWS\System32\PSAPI.DLL
0x00007ff9771c0000 - 0x00007ff9771c9000 	C:\WINDOWS\SYSTEM32\WSOCK32.dll
0x00007ff98ad90000 - 0x00007ff98adfc000 	C:\WINDOWS\System32\WS2_32.dll
0x00007ff986de0000 - 0x00007ff986dea000 	C:\WINDOWS\SYSTEM32\VERSION.dll
0x0000000072eb0000 - 0x0000000072ebf000 	C:\Program Files\Java\jdk1.8.0_152\jre\bin\verify.dll
0x0000000071520000 - 0x0000000071549000 	C:\Program Files\Java\jdk1.8.0_152\jre\bin\java.dll
0x0000000071500000 - 0x0000000071516000 	C:\Program Files\Java\jdk1.8.0_152\jre\bin\zip.dll
0x00007ff989070000 - 0x00007ff98a4a6000 	C:\WINDOWS\System32\SHELL32.dll
0x00007ff98afd0000 - 0x00007ff98b076000 	C:\WINDOWS\System32\shcore.dll
0x00007ff988090000 - 0x00007ff9887d7000 	C:\WINDOWS\System32\windows.storage.dll
0x00007ff98b710000 - 0x00007ff98b761000 	C:\WINDOWS\System32\shlwapi.dll
0x00007ff987d00000 - 0x00007ff987d11000 	C:\WINDOWS\System32\kernel.appcore.dll
0x00007ff9889e0000 - 0x00007ff988a2c000 	C:\WINDOWS\System32\powrprof.dll
0x00007ff987c90000 - 0x00007ff987cab000 	C:\WINDOWS\System32\profapi.dll
0x00000000714e0000 - 0x00000000714fa000 	C:\Program Files\Java\jdk1.8.0_152\jre\bin\net.dll
0x00007ff9874f0000 - 0x00007ff987556000 	C:\WINDOWS\system32\mswsock.dll
0x00000000714c0000 - 0x00000000714d1000 	C:\Program Files\Java\jdk1.8.0_152\jre\bin\nio.dll
0x00007ff979170000 - 0x00007ff97918e000 	C:\Users\Administrator\.gradle\native\25\windows-amd64\native-platform.dll
0x00000000714b0000 - 0x00000000714bd000 	C:\Program Files\Java\jdk1.8.0_152\jre\bin\management.dll
0x00007ff9876b0000 - 0x00007ff9876c7000 	C:\WINDOWS\SYSTEM32\CRYPTSP.dll
0x00007ff9870f0000 - 0x00007ff987123000 	C:\WINDOWS\system32\rsaenh.dll
0x00007ff9877c0000 - 0x00007ff9877e5000 	C:\WINDOWS\SYSTEM32\bcrypt.dll
0x00007ff987bc0000 - 0x00007ff987be9000 	C:\WINDOWS\SYSTEM32\USERENV.dll
0x00007ff9876d0000 - 0x00007ff9876db000 	C:\WINDOWS\SYSTEM32\CRYPTBASE.dll
0x00007ff987280000 - 0x00007ff9872b9000 	C:\WINDOWS\SYSTEM32\IPHLPAPI.DLL
0x00007ff989060000 - 0x00007ff989068000 	C:\WINDOWS\System32\NSI.dll
0x00007ff97f980000 - 0x00007ff97f996000 	C:\WINDOWS\SYSTEM32\dhcpcsvc6.DLL
0x00007ff97f960000 - 0x00007ff97f97a000 	C:\WINDOWS\SYSTEM32\dhcpcsvc.DLL

VM Arguments:
jvm_args: -Xmx1536m -Dfile.encoding=GBK -Duser.country=CN -Duser.language=zh -Duser.variant 
java_command: org.gradle.launcher.daemon.bootstrap.GradleDaemon 4.1
java_class_path (initial): C:\Users\Administrator\.gradle\wrapper\dists\gradle-4.1-all\bzyivzo6n839fup2jbap0tjew\gradle-4.1\lib\gradle-launcher-4.1.jar
Launcher Type: SUN_STANDARD

Environment Variables:
JAVA_HOME=C:\Java\jdk1.8.0_45
CLASSPATH=.;C:\Java\jdk1.8.0_45\lib
PATH=C:\ProgramData\Oracle\Java\javapath;C:\Program Files (x86)\Intel\iCLS Client\;C:\Program Files\Intel\iCLS Client\;C:\Java\jdk1.8.0_45\bin;C:\WINDOWS\system32;C:\WINDOWS;C:\WINDOWS\system32\wbem;C:\WINDOWS\System32\Wbem;C:\WINDOWS\System32\WindowsPowerShell\v1.0\;C:\Program Files (x86)\Intel\Intel(R) Management Engine Components\DAL;C:\Program Files\Intel\Intel(R) Management Engine Components\DAL;C:\Program Files (x86)\Intel\Intel(R) Management Engine Components\IPT;C:\Program Files\Intel\Intel(R) Management Engine Components\IPT;C:\Program Files\Intel\WiFi\bin\;C:\Program Files\Common Files\Intel\WirelessCommon\;C:\Program Files\TortoiseSVN\bin;D:\Program Files\Android\Android Studio\gradle\gradle-2.14.1\bin;C:\Program Files (x86)\QuickTime\QTSystem\;C:\Program Files (x86)\IDM Computer Solutions\UltraEdit\;C:\Program Files (x86)\IDM Computer Solutions\UltraCompare\;C:\Users\Administrator\AppData\Local\Microsoft\WindowsApps;C:\Program Files (x86)\AllWinnertech\PhoenixSuit\
USERNAME=xiaomi2
OS=Windows_NT
PROCESSOR_IDENTIFIER=Intel64 Family 6 Model 69 Stepping 1, GenuineIntel



---------------  S Y S T E M  ---------------

OS: Windows 10.0 , 64 bit Build 16299 (10.0.16299.15)

CPU:total 4 (initial active 4) (2 cores per cpu, 2 threads per core) family 6 model 69 stepping 1, cmov, cx8, fxsr, mmx, sse, sse2, sse3, ssse3, sse4.1, sse4.2, popcnt, avx, avx2, aes, clmul, erms, lzcnt, ht, tsc, tscinvbit, bmi1, bmi2

Memory: 4k page, physical 8283196k(843864k free), swap 10235964k(72k free)

vm_info: Java HotSpot(TM) 64-Bit Server VM (25.152-b16) for windows-amd64 JRE (1.8.0_152-b16), built on Sep 14 2017 02:29:36 by "java_re" with MS VC++ 10.0 (VS2010)

time: Thu Apr 26 13:38:46 2018
elapsed time: 15149 seconds (0d 4h 12m 29s)

